# JRE version: Java(TM) SE Runtime Environment (8.0_60-b27) (build 1.8.0_60-b27)
# Java VM: Java HotSpot(TM) Client VM (25.60-b23 mixed mode windows-x86 )
Heap:
 def new generation   total 4928K, used 4712K [0x03a00000, 0x03f50000, 0x08f50000)
  eden space 4416K,  99% used [0x03a00000, 0x03e4ba20, 0x03e50000)
  from space 512K,  61% used [0x03ed0000, 0x03f1e5e0, 0x03f50000)
  to   space 512K,   0% used [0x03e50000, 0x03e50000, 0x03ed0000)
 tenured generation   total 10944K, used 2364K [0x08f50000, 0x09a00000, 0x13a00000)
   the space 10944K,  21% used [0x08f50000, 0x0919f350, 0x0919f400, 0x09a00000)
 Metaspace       used 8261K, capacity 8437K, committed 8576K, reserved 8576K
GC Heap History (10 events):
Event: 3.959 GC heap before
{Heap before GC invocations=0 (full 0):
 def new generation   total 4928K, used 4416K [0x03a00000, 0x03f50000, 0x08f50000)
  eden space 4416K, 100% used [0x03a00000, 0x03e50000, 0x03e50000)
  from space 512K,   0% used [0x03e50000, 0x03e50000, 0x03ed0000)
  to   space 512K,   0% used [0x03ed0000, 0x03ed0000, 0x03f50000)
 tenured generation   total 10944K, used 0K [0x08f50000, 0x09a00000, 0x13a00000)
   the space 10944K,   0% used [0x08f50000, 0x08f50000, 0x08f50200, 0x09a00000)
 Metaspace       used 6292K, capacity 6469K, committed 6528K, reserved 6528K
Event: 3.984 GC heap after
Heap after GC invocations=1 (full 0):
 def new generation   total 4928K, used 512K [0x03a00000, 0x03f50000, 0x08f50000)
  eden space 4416K,   0% used [0x03a00000, 0x03a00000, 0x03e50000)
  from space 512K, 100% used [0x03ed0000, 0x03f50000, 0x03f50000)
  to   space 512K,   0% used [0x03e50000, 0x03e50000, 0x03ed0000)
 tenured generation   total 10944K, used 884K [0x08f50000, 0x09a00000, 0x13a00000)
   the space 10944K,   8% used [0x08f50000, 0x0902d070, 0x0902d200, 0x09a00000)
 Metaspace       used 6292K, capacity 6469K, committed 6528K, reserved 6528K
}
Event: 4.285 GC heap before
{Heap before GC invocations=1 (full 0):
 def new generation   total 4928K, used 4928K [0x03a00000, 0x03f50000, 0x08f50000)
  eden space 4416K, 100% used [0x03a00000, 0x03e50000, 0x03e50000)
  from space 512K, 100% used [0x03ed0000, 0x03f50000, 0x03f50000)
  to   space 512K,   0% used [0x03e50000, 0x03e50000, 0x03ed0000)
 tenured generation   total 10944K, used 884K [0x08f50000, 0x09a00000, 0x13a00000)
   the space 10944K,   8% used [0x08f50000, 0x0902d070, 0x0902d200, 0x09a00000)
 Metaspace       used 6729K, capacity 6922K, committed 7040K, reserved 7552K
Event: 4.300 GC heap after
Heap after GC invocations=2 (full 0):
 def new generation   total 4928K, used 174K [0x03a00000, 0x03f50000, 0x08f50000)
  eden space 4416K,   0% used [0x03a00000, 0x03a00000, 0x03e50000)
  from space 512K,  34% used [0x03e50000, 0x03e7b9b0, 0x03ed0000)
  to   space 512K,   0% used [0x03ed0000, 0x03ed0000, 0x03f50000)
 tenured generation   total 10944K, used 1395K [0x08f50000, 0x09a00000, 0x13a00000)
   the space 10944K,  12% used [0x08f50000, 0x090ace20, 0x090ad000, 0x09a00000)
 Metaspace       used 6729K, capacity 6922K, committed 7040K, reserved 7552K
}
Event: 4.417 GC heap before
{Heap before GC invocations=2 (full 0):
 def new generation   total 4928K, used 4590K [0x03a00000, 0x03f50000, 0x08f50000)
  eden space 4416K, 100% used [0x03a00000, 0x03e50000, 0x03e50000)
  from space 512K,  34% used [0x03e50000, 0x03e7b9b0, 0x03ed0000)
  to   space 512K,   0% used [0x03ed0000, 0x03ed0000, 0x03f50000)
 tenured generation   total 10944K, used 1395K [0x08f50000, 0x09a00000, 0x13a00000)
   the space 10944K,  12% used [0x08f50000, 0x090ace20, 0x090ad000, 0x09a00000)
 Metaspace       used 6774K, capacity 6954K, committed 7040K, reserved 7552K
Event: 4.422 GC heap after
Heap after GC invocations=3 (full 0):
 def new generation   total 4928K, used 213K [0x03a00000, 0x03f50000, 0x08f50000)
  eden space 4416K,   0% used [0x03a00000, 0x03a00000, 0x03e50000)
  from space 512K,  41% used [0x03ed0000, 0x03f05618, 0x03f50000)
  to   space 512K,   0% used [0x03e50000, 0x03e50000, 0x03ed0000)
 tenured generation   total 10944K, used 1395K [0x08f50000, 0x09a00000, 0x13a00000)
   the space 10944K,  12% used [0x08f50000, 0x090ace20, 0x090ad000, 0x09a00000)
 Metaspace       used 6774K, capacity 6954K, committed 7040K, reserved 7552K
}
Event: 5.341 GC heap before
{Heap before GC invocations=3 (full 0):
 def new generation   total 4928K, used 4629K [0x03a00000, 0x03f50000, 0x08f50000)
  eden space 4416K, 100% used [0x03a00000, 0x03e50000, 0x03e50000)
  from space 512K,  41% used [0x03ed0000, 0x03f05618, 0x03f50000)
  to   space 512K,   0% used [0x03e50000, 0x03e50000, 0x03ed0000)
 tenured generation   total 10944K, used 1395K [0x08f50000, 0x09a00000, 0x13a00000)
   the space 10944K,  12% used [0x08f50000, 0x090ace20, 0x090ad000, 0x09a00000)
 Metaspace       used 7736K, capacity 7919K, committed 8064K, reserved 8576K
Event: 5.363 GC heap after
Heap after GC invocations=4 (full 0):
 def new generation   total 4928K, used 435K [0x03a00000, 0x03f50000, 0x08f50000)
  eden space 4416K,   0% used [0x03a00000, 0x03a00000, 0x03e50000)
  from space 512K,  85% used [0x03e50000, 0x03ebce50, 0x03ed0000)
  to   space 512K,   0% used [0x03ed0000, 0x03ed0000, 0x03f50000)
 tenured generation   total 10944K, used 2162K [0x08f50000, 0x09a00000, 0x13a00000)
   the space 10944K,  19% used [0x08f50000, 0x0916cab8, 0x0916cc00, 0x09a00000)
 Metaspace       used 7736K, capacity 7919K, committed 8064K, reserved 8576K
}
Event: 10.696 GC heap before
{Heap before GC invocations=4 (full 0):
 def new generation   total 4928K, used 4851K [0x03a00000, 0x03f50000, 0x08f50000)
  eden space 4416K, 100% used [0x03a00000, 0x03e50000, 0x03e50000)
  from space 512K,  85% used [0x03e50000, 0x03ebce50, 0x03ed0000)
  to   space 512K,   0% used [0x03ed0000, 0x03ed0000, 0x03f50000)
 tenured generation   total 10944K, used 2162K [0x08f50000, 0x09a00000, 0x13a00000)
   the space 10944K,  19% used [0x08f50000, 0x0916cab8, 0x0916cc00, 0x09a00000)
 Metaspace       used 7951K, capacity 8143K, committed 8192K, reserved 8576K
Event: 10.705 GC heap after
Heap after GC invocations=5 (full 0):
 def new generation   total 4928K, used 313K [0x03a00000, 0x03f50000, 0x08f50000)
  eden space 4416K,   0% used [0x03a00000, 0x03a00000, 0x03e50000)
  from space 512K,  61% used [0x03ed0000, 0x03f1e5e0, 0x03f50000)
  to   space 512K,   0% used [0x03e50000, 0x03e50000, 0x03ed0000)
 tenured generation   total 10944K, used 2364K [0x08f50000, 0x09a00000, 0x13a00000)
   the space 10944K,  21% used [0x08f50000, 0x0919f350, 0x0919f400, 0x09a00000)
 Metaspace       used 7951K, capacity 8143K, committed 8192K, reserved 8576K
}

