# JRE version: Java(TM) SE Runtime Environment (8.0_60-b27) (build 1.8.0_60-b27)
# Java VM: Java HotSpot(TM) Client VM (25.60-b23 mixed mode windows-x86 )
Heap:
 def new generation   total 4928K, used 771K [0x03c00000, 0x04150000, 0x09150000)
  eden space 4416K,  11% used [0x03c00000, 0x03c7f268, 0x04050000)
  from space 512K,  51% used [0x04050000, 0x04091b40, 0x040d0000)
  to   space 512K,   0% used [0x040d0000, 0x040d0000, 0x04150000)
 tenured generation   total 10944K, used 2554K [0x09150000, 0x09c00000, 0x13c00000)
   the space 10944K,  23% used [0x09150000, 0x093ceaf8, 0x093cec00, 0x09c00000)
 Metaspace       used 8271K, capacity 8469K, committed 8576K, reserved 8576K
GC Heap History (10 events):
Event: 4.593 GC heap before
{Heap before GC invocations=1 (full 0):
 def new generation   total 4928K, used 4928K [0x03c00000, 0x04150000, 0x09150000)
  eden space 4416K, 100% used [0x03c00000, 0x04050000, 0x04050000)
  from space 512K, 100% used [0x040d0000, 0x04150000, 0x04150000)
  to   space 512K,   0% used [0x04050000, 0x04050000, 0x040d0000)
 tenured generation   total 10944K, used 884K [0x09150000, 0x09c00000, 0x13c00000)
   the space 10944K,   8% used [0x09150000, 0x0922d060, 0x0922d200, 0x09c00000)
 Metaspace       used 6729K, capacity 6922K, committed 7040K, reserved 7552K
Event: 4.609 GC heap after
Heap after GC invocations=2 (full 0):
 def new generation   total 4928K, used 174K [0x03c00000, 0x04150000, 0x09150000)
  eden space 4416K,   0% used [0x03c00000, 0x03c00000, 0x04050000)
  from space 512K,  34% used [0x04050000, 0x0407b9b0, 0x040d0000)
  to   space 512K,   0% used [0x040d0000, 0x040d0000, 0x04150000)
 tenured generation   total 10944K, used 1395K [0x09150000, 0x09c00000, 0x13c00000)
   the space 10944K,  12% used [0x09150000, 0x092ace10, 0x092ad000, 0x09c00000)
 Metaspace       used 6729K, capacity 6922K, committed 7040K, reserved 7552K
}
Event: 4.711 GC heap before
{Heap before GC invocations=2 (full 0):
 def new generation   total 4928K, used 4590K [0x03c00000, 0x04150000, 0x09150000)
  eden space 4416K, 100% used [0x03c00000, 0x04050000, 0x04050000)
  from space 512K,  34% used [0x04050000, 0x0407b9b0, 0x040d0000)
  to   space 512K,   0% used [0x040d0000, 0x040d0000, 0x04150000)
 tenured generation   total 10944K, used 1395K [0x09150000, 0x09c00000, 0x13c00000)
   the space 10944K,  12% used [0x09150000, 0x092ace10, 0x092ad000, 0x09c00000)
 Metaspace       used 6774K, capacity 6954K, committed 7040K, reserved 7552K
Event: 4.715 GC heap after
Heap after GC invocations=3 (full 0):
 def new generation   total 4928K, used 213K [0x03c00000, 0x04150000, 0x09150000)
  eden space 4416K,   0% used [0x03c00000, 0x03c00000, 0x04050000)
  from space 512K,  41% used [0x040d0000, 0x04105618, 0x04150000)
  to   space 512K,   0% used [0x04050000, 0x04050000, 0x040d0000)
 tenured generation   total 10944K, used 1395K [0x09150000, 0x09c00000, 0x13c00000)
   the space 10944K,  12% used [0x09150000, 0x092ace10, 0x092ad000, 0x09c00000)
 Metaspace       used 6774K, capacity 6954K, committed 7040K, reserved 7552K
}
Event: 5.625 GC heap before
{Heap before GC invocations=3 (full 0):
 def new generation   total 4928K, used 4629K [0x03c00000, 0x04150000, 0x09150000)
  eden space 4416K, 100% used [0x03c00000, 0x04050000, 0x04050000)
  from space 512K,  41% used [0x040d0000, 0x04105618, 0x04150000)
  to   space 512K,   0% used [0x04050000, 0x04050000, 0x040d0000)
 tenured generation   total 10944K, used 1395K [0x09150000, 0x09c00000, 0x13c00000)
   the space 10944K,  12% used [0x09150000, 0x092ace10, 0x092ad000, 0x09c00000)
 Metaspace       used 7735K, capacity 7919K, committed 8064K, reserved 8576K
Event: 5.655 GC heap after
Heap after GC invocations=4 (full 0):
 def new generation   total 4928K, used 435K [0x03c00000, 0x04150000, 0x09150000)
  eden space 4416K,   0% used [0x03c00000, 0x03c00000, 0x04050000)
  from space 512K,  85% used [0x04050000, 0x040bce50, 0x040d0000)
  to   space 512K,   0% used [0x040d0000, 0x040d0000, 0x04150000)
 tenured generation   total 10944K, used 2162K [0x09150000, 0x09c00000, 0x13c00000)
   the space 10944K,  19% used [0x09150000, 0x0936caa8, 0x0936cc00, 0x09c00000)
 Metaspace       used 7735K, capacity 7919K, committed 8064K, reserved 8576K
}
Event: 10.575 GC heap before
{Heap before GC invocations=4 (full 0):
 def new generation   total 4928K, used 4851K [0x03c00000, 0x04150000, 0x09150000)
  eden space 4416K, 100% used [0x03c00000, 0x04050000, 0x04050000)
  from space 512K,  85% used [0x04050000, 0x040bce50, 0x040d0000)
  to   space 512K,   0% used [0x040d0000, 0x040d0000, 0x04150000)
 tenured generation   total 10944K, used 2162K [0x09150000, 0x09c00000, 0x13c00000)
   the space 10944K,  19% used [0x09150000, 0x0936caa8, 0x0936cc00, 0x09c00000)
 Metaspace       used 7951K, capacity 8143K, committed 8192K, reserved 8576K
Event: 10.585 GC heap after
Heap after GC invocations=5 (full 0):
 def new generation   total 4928K, used 319K [0x03c00000, 0x04150000, 0x09150000)
  eden space 4416K,   0% used [0x03c00000, 0x03c00000, 0x04050000)
  from space 512K,  62% used [0x040d0000, 0x0411fd08, 0x04150000)
  to   space 512K,   0% used [0x04050000, 0x04050000, 0x040d0000)
 tenured generation   total 10944K, used 2364K [0x09150000, 0x09c00000, 0x13c00000)
   the space 10944K,  21% used [0x09150000, 0x0939f390, 0x0939f400, 0x09c00000)
 Metaspace       used 7951K, capacity 8143K, committed 8192K, reserved 8576K
}
Event: 21.581 GC heap before
{Heap before GC invocations=5 (full 0):
 def new generation   total 4928K, used 4735K [0x03c00000, 0x04150000, 0x09150000)
  eden space 4416K, 100% used [0x03c00000, 0x04050000, 0x04050000)
  from space 512K,  62% used [0x040d0000, 0x0411fd08, 0x04150000)
  to   space 512K,   0% used [0x04050000, 0x04050000, 0x040d0000)
 tenured generation   total 10944K, used 2364K [0x09150000, 0x09c00000, 0x13c00000)
   the space 10944K,  21% used [0x09150000, 0x0939f390, 0x0939f400, 0x09c00000)
 Metaspace       used 8271K, capacity 8469K, committed 8576K, reserved 8576K
Event: 21.595 GC heap after
Heap after GC invocations=6 (full 0):
 def new generation   total 4928K, used 262K [0x03c00000, 0x04150000, 0x09150000)
  eden space 4416K,   0% used [0x03c00000, 0x03c00000, 0x04050000)
  from space 512K,  51% used [0x04050000, 0x04091b40, 0x040d0000)
  to   space 512K,   0% used [0x040d0000, 0x040d0000, 0x04150000)
 tenured generation   total 10944K, used 2554K [0x09150000, 0x09c00000, 0x13c00000)
   the space 10944K,  23% used [0x09150000, 0x093ceaf8, 0x093cec00, 0x09c00000)
 Metaspace       used 8271K, capacity 8469K, committed 8576K, reserved 8576K
}

