# JRE version: Java(TM) SE Runtime Environment (8.0_60-b27) (build 1.8.0_60-b27)
# Java VM: Java HotSpot(TM) Client VM (25.60-b23 mixed mode windows-x86 )
Heap:
 def new generation   total 4928K, used 869K [0x03c00000, 0x04150000, 0x09150000)
  eden space 4416K,  13% used [0x03c00000, 0x03c97ba0, 0x04050000)
  from space 512K,  51% used [0x04050000, 0x04091920, 0x040d0000)
  to   space 512K,   0% used [0x040d0000, 0x040d0000, 0x04150000)
 tenured generation   total 10944K, used 2555K [0x09150000, 0x09c00000, 0x13c00000)
   the space 10944K,  23% used [0x09150000, 0x093cedc8, 0x093cee00, 0x09c00000)
 Metaspace       used 8261K, capacity 8437K, committed 8576K, reserved 8576K
GC Heap History (10 events):
Event: 6.843 GC heap before
{Heap before GC invocations=1 (full 0):
 def new generation   total 4928K, used 4928K [0x03c00000, 0x04150000, 0x09150000)
  eden space 4416K, 100% used [0x03c00000, 0x04050000, 0x04050000)
  from space 512K, 100% used [0x040d0000, 0x04150000, 0x04150000)
  to   space 512K,   0% used [0x04050000, 0x04050000, 0x040d0000)
 tenured generation   total 10944K, used 917K [0x09150000, 0x09c00000, 0x13c00000)
   the space 10944K,   8% used [0x09150000, 0x09235440, 0x09235600, 0x09c00000)
 Metaspace       used 6730K, capacity 6922K, committed 7040K, reserved 7552K
Event: 6.866 GC heap after
Heap after GC invocations=2 (full 0):
 def new generation   total 4928K, used 140K [0x03c00000, 0x04150000, 0x09150000)
  eden space 4416K,   0% used [0x03c00000, 0x03c00000, 0x04050000)
  from space 512K,  27% used [0x04050000, 0x040733e8, 0x040d0000)
  to   space 512K,   0% used [0x040d0000, 0x040d0000, 0x04150000)
 tenured generation   total 10944K, used 1428K [0x09150000, 0x09c00000, 0x13c00000)
   the space 10944K,  13% used [0x09150000, 0x092b5178, 0x092b5200, 0x09c00000)
 Metaspace       used 6730K, capacity 6922K, committed 7040K, reserved 7552K
}
Event: 7.063 GC heap before
{Heap before GC invocations=2 (full 0):
 def new generation   total 4928K, used 4556K [0x03c00000, 0x04150000, 0x09150000)
  eden space 4416K, 100% used [0x03c00000, 0x04050000, 0x04050000)
  from space 512K,  27% used [0x04050000, 0x040733e8, 0x040d0000)
  to   space 512K,   0% used [0x040d0000, 0x040d0000, 0x04150000)
 tenured generation   total 10944K, used 1428K [0x09150000, 0x09c00000, 0x13c00000)
   the space 10944K,  13% used [0x09150000, 0x092b5178, 0x092b5200, 0x09c00000)
 Metaspace       used 6776K, capacity 6954K, committed 7040K, reserved 7552K
Event: 7.074 GC heap after
Heap after GC invocations=3 (full 0):
 def new generation   total 4928K, used 179K [0x03c00000, 0x04150000, 0x09150000)
  eden space 4416K,   0% used [0x03c00000, 0x03c00000, 0x04050000)
  from space 512K,  34% used [0x040d0000, 0x040fcc68, 0x04150000)
  to   space 512K,   0% used [0x04050000, 0x04050000, 0x040d0000)
 tenured generation   total 10944K, used 1428K [0x09150000, 0x09c00000, 0x13c00000)
   the space 10944K,  13% used [0x09150000, 0x092b5178, 0x092b5200, 0x09c00000)
 Metaspace       used 6776K, capacity 6954K, committed 7040K, reserved 7552K
}
Event: 7.962 GC heap before
{Heap before GC invocations=3 (full 0):
 def new generation   total 4928K, used 4595K [0x03c00000, 0x04150000, 0x09150000)
  eden space 4416K, 100% used [0x03c00000, 0x04050000, 0x04050000)
  from space 512K,  34% used [0x040d0000, 0x040fcc68, 0x04150000)
  to   space 512K,   0% used [0x04050000, 0x04050000, 0x040d0000)
 tenured generation   total 10944K, used 1428K [0x09150000, 0x09c00000, 0x13c00000)
   the space 10944K,  13% used [0x09150000, 0x092b5178, 0x092b5200, 0x09c00000)
 Metaspace       used 7736K, capacity 7919K, committed 8064K, reserved 8576K
Event: 7.976 GC heap after
Heap after GC invocations=4 (full 0):
 def new generation   total 4928K, used 412K [0x03c00000, 0x04150000, 0x09150000)
  eden space 4416K,   0% used [0x03c00000, 0x03c00000, 0x04050000)
  from space 512K,  80% used [0x04050000, 0x040b7280, 0x040d0000)
  to   space 512K,   0% used [0x040d0000, 0x040d0000, 0x04150000)
 tenured generation   total 10944K, used 2195K [0x09150000, 0x09c00000, 0x13c00000)
   the space 10944K,  20% used [0x09150000, 0x09374e10, 0x09375000, 0x09c00000)
 Metaspace       used 7736K, capacity 7919K, committed 8064K, reserved 8576K
}
Event: 12.881 GC heap before
{Heap before GC invocations=4 (full 0):
 def new generation   total 4928K, used 4828K [0x03c00000, 0x04150000, 0x09150000)
  eden space 4416K, 100% used [0x03c00000, 0x04050000, 0x04050000)
  from space 512K,  80% used [0x04050000, 0x040b7280, 0x040d0000)
  to   space 512K,   0% used [0x040d0000, 0x040d0000, 0x04150000)
 tenured generation   total 10944K, used 2195K [0x09150000, 0x09c00000, 0x13c00000)
   the space 10944K,  20% used [0x09150000, 0x09374e10, 0x09375000, 0x09c00000)
 Metaspace       used 7943K, capacity 8111K, committed 8192K, reserved 8576K
Event: 12.890 GC heap after
Heap after GC invocations=5 (full 0):
 def new generation   total 4928K, used 310K [0x03c00000, 0x04150000, 0x09150000)
  eden space 4416K,   0% used [0x03c00000, 0x03c00000, 0x04050000)
  from space 512K,  60% used [0x040d0000, 0x0411d978, 0x04150000)
  to   space 512K,   0% used [0x04050000, 0x04050000, 0x040d0000)
 tenured generation   total 10944K, used 2366K [0x09150000, 0x09c00000, 0x13c00000)
   the space 10944K,  21% used [0x09150000, 0x0939fa88, 0x0939fc00, 0x09c00000)
 Metaspace       used 7943K, capacity 8111K, committed 8192K, reserved 8576K
}
Event: 14.896 GC heap before
{Heap before GC invocations=5 (full 0):
 def new generation   total 4928K, used 4726K [0x03c00000, 0x04150000, 0x09150000)
  eden space 4416K, 100% used [0x03c00000, 0x04050000, 0x04050000)
  from space 512K,  60% used [0x040d0000, 0x0411d978, 0x04150000)
  to   space 512K,   0% used [0x04050000, 0x04050000, 0x040d0000)
 tenured generation   total 10944K, used 2366K [0x09150000, 0x09c00000, 0x13c00000)
   the space 10944K,  21% used [0x09150000, 0x0939fa88, 0x0939fc00, 0x09c00000)
 Metaspace       used 8261K, capacity 8437K, committed 8576K, reserved 8576K
Event: 14.905 GC heap after
Heap after GC invocations=6 (full 0):
 def new generation   total 4928K, used 262K [0x03c00000, 0x04150000, 0x09150000)
  eden space 4416K,   0% used [0x03c00000, 0x03c00000, 0x04050000)
  from space 512K,  51% used [0x04050000, 0x04091920, 0x040d0000)
  to   space 512K,   0% used [0x040d0000, 0x040d0000, 0x04150000)
 tenured generation   total 10944K, used 2555K [0x09150000, 0x09c00000, 0x13c00000)
   the space 10944K,  23% used [0x09150000, 0x093cedc8, 0x093cee00, 0x09c00000)
 Metaspace       used 8261K, capacity 8437K, committed 8576K, reserved 8576K
}

